This file contains any messages produced by compilers while
running configure, to aid debugging if configure makes a mistake.

It was created by mod_osa configure 0.1, which was
generated by GNU Autoconf 2.69.  Invocation command line was

  $ ./configure 

## --------- ##
## Platform. ##
## --------- ##

hostname = r-lnx-jmjb0521
uname -m = x86_64
uname -r = 3.13.0-43-generic
uname -s = Linux
uname -v = #72-Ubuntu SMP Mon Dec 8 19:35:06 UTC 2014

/usr/bin/uname -p = unknown
/bin/uname -X     = unknown

/bin/arch              = unknown
/usr/bin/arch -k       = unknown
/usr/convex/getsysinfo = unknown
/usr/bin/hostinfo      = unknown
/bin/machine           = unknown
/usr/bin/oslevel       = unknown
/bin/universe          = unknown

PATH: /usr/local/sbin
PATH: /usr/local/bin
PATH: /usr/sbin
PATH: /usr/bin
PATH: /sbin
PATH: /bin


## ----------- ##
## Core tests. ##
## ----------- ##

configure:1771: checking for a BSD-compatible install
configure:1839: result: /usr/bin/install -c
configure:1850: checking whether build environment is sane
configure:1905: result: yes
configure:2056: checking for a thread-safe mkdir -p
configure:2095: result: /bin/mkdir -p
configure:2102: checking for gawk
configure:2132: result: no
configure:2102: checking for mawk
configure:2118: found /usr/bin/mawk
configure:2129: result: mawk
configure:2140: checking whether make sets $(MAKE)
configure:2162: result: yes
configure:2191: checking whether make supports nested variables
configure:2208: result: yes
configure:2346: checking for apxs2
configure:2365: found /usr/bin/apxs2
configure:2377: result: /usr/bin/apxs2
configure:2403: result: include mysql is -I/usr/include/mysql
configure:2413: result: mysql lib dir  is -L/usr/lib64/mysql
configure:2426: result: mysqllibs is -lmysqlclient
configure:2590: checking that generated files are newer than configure
configure:2596: result: done
configure:2604: creating ./config.status

## ---------------------- ##
## Running config.status. ##
## ---------------------- ##

This file was extended by mod_osa config.status 0.1, which was
generated by GNU Autoconf 2.69.  Invocation command line was

  CONFIG_FILES    = 
  CONFIG_HEADERS  = 
  CONFIG_LINKS    = 
  CONFIG_COMMANDS = 
  $ ./config.status 

on r-lnx-jmjb0521

config.status:752: creating Makefile

## ---------------- ##
## Cache variables. ##
## ---------------- ##

ac_cv_env_build_alias_set=
ac_cv_env_build_alias_value=
ac_cv_env_host_alias_set=
ac_cv_env_host_alias_value=
ac_cv_env_target_alias_set=
ac_cv_env_target_alias_value=
ac_cv_path_APXS=/usr/bin/apxs2
ac_cv_path_install='/usr/bin/install -c'
ac_cv_path_mkdir=/bin/mkdir
ac_cv_prog_AWK=mawk
ac_cv_prog_make_make_set=yes
am_cv_make_support_nested_variables=yes

## ----------------- ##
## Output variables. ##
## ----------------- ##

ACLOCAL='${SHELL} /home/jmjb0521/Dev/workspace/ApplianceManager/RunTimeAppliance/apache/module/missing aclocal-1.14'
AMTAR='$${TAR-tar}'
AM_BACKSLASH='\'
AM_DEFAULT_V='$(AM_DEFAULT_VERBOSITY)'
AM_DEFAULT_VERBOSITY='1'
AM_V='$(V)'
APXS='/usr/bin/apxs2'
AUTOCONF='${SHELL} /home/jmjb0521/Dev/workspace/ApplianceManager/RunTimeAppliance/apache/module/missing autoconf'
AUTOHEADER='${SHELL} /home/jmjb0521/Dev/workspace/ApplianceManager/RunTimeAppliance/apache/module/missing autoheader'
AUTOMAKE='${SHELL} /home/jmjb0521/Dev/workspace/ApplianceManager/RunTimeAppliance/apache/module/missing automake-1.14'
AWK='mawk'
CFLAGS='-lm -lz'
CPPFLAGS=''
CYGPATH_W='echo'
DEFS='-DPACKAGE_NAME=\"mod_osa\" -DPACKAGE_TARNAME=\"mod_osa\" -DPACKAGE_VERSION=\"0.1\" -DPACKAGE_STRING=\"mod_osa\ 0.1\" -DPACKAGE_BUGREPORT=\"\" -DPACKAGE_URL=\"\" -DPACKAGE=\"mod_osa\" -DVERSION=\"0.1\"'
ECHO_C=''
ECHO_N='-n'
ECHO_T=''
INSTALL_DATA='${INSTALL} -m 644'
INSTALL_PROGRAM='${INSTALL}'
INSTALL_SCRIPT='${INSTALL}'
INSTALL_STRIP_PROGRAM='$(install_sh) -c -s'
LDFLAGS=''
LDLIBS=''
LIBEXECDIR='/usr/lib/apache2/modules'
LIBOBJS=''
LIBS=''
LTLIBOBJS=''
MAKEINFO='${SHELL} /home/jmjb0521/Dev/workspace/ApplianceManager/RunTimeAppliance/apache/module/missing makeinfo'
MKDIR_P='/bin/mkdir -p'
MYSQL_CFLAGS='-I/usr/include/mysql'
MYSQL_LIBS='-lmysqlclient'
MYSQL_LIB_DIR='-L/usr/lib64/mysql'
PACKAGE='mod_osa'
PACKAGE_BUGREPORT=''
PACKAGE_NAME='mod_osa'
PACKAGE_STRING='mod_osa 0.1'
PACKAGE_TARNAME='mod_osa'
PACKAGE_URL=''
PACKAGE_VERSION='0.1'
PATH_SEPARATOR=':'
SET_MAKE=''
SHELL='/bin/bash'
STRIP=''
SYSCONFDIR='/etc/apache2'
VERSION='0.1'
am__isrc=''
am__leading_dot='.'
am__tar='$${TAR-tar} chof - "$$tardir"'
am__untar='$${TAR-tar} xf -'
bindir='${exec_prefix}/bin'
build_alias=''
datadir='${datarootdir}'
datarootdir='${prefix}/share'
docdir='${datarootdir}/doc/${PACKAGE_TARNAME}'
dvidir='${docdir}'
exec_prefix='${prefix}'
host_alias=''
htmldir='${docdir}'
includedir='${prefix}/include'
infodir='${datarootdir}/info'
install_sh='${SHELL} /home/jmjb0521/Dev/workspace/ApplianceManager/RunTimeAppliance/apache/module/install-sh'
libdir='${exec_prefix}/lib'
libexecdir='${exec_prefix}/libexec'
localedir='${datarootdir}/locale'
localstatedir='${prefix}/var'
mandir='${datarootdir}/man'
mkdir_p='$(MKDIR_P)'
oldincludedir='/usr/include'
pdfdir='${docdir}'
prefix='/usr/local'
program_transform_name='s,x,x,'
psdir='${docdir}'
sbindir='${exec_prefix}/sbin'
sharedstatedir='${prefix}/com'
sysconfdir='${prefix}/etc'
target_alias=''

## ----------- ##
## confdefs.h. ##
## ----------- ##

/* confdefs.h */
#define PACKAGE_NAME "mod_osa"
#define PACKAGE_TARNAME "mod_osa"
#define PACKAGE_VERSION "0.1"
#define PACKAGE_STRING "mod_osa 0.1"
#define PACKAGE_BUGREPORT ""
#define PACKAGE_URL ""
#define PACKAGE "mod_osa"
#define VERSION "0.1"

configure: exit 0
